2024-06-24T21:28:09.263563Z    info    cni-agent    missing (or invalid) configuration detected, (re)writing CNI config file at 
2024-06-24T21:28:09.263958Z    info    cni-agent    CNI config file /host/etc/cni/net.d/10-aws.conflist exists. Proceeding.
2024-06-24T21:28:09.264590Z    info    cni-agent    Created CNI config /host/etc/cni/net.d/10-aws.conflist
2024-06-24T21:28:09.264604Z    info    cni-agent    Installation succeed, start watching for re-installation.
2024-06-24T21:28:09.412607Z    info    cni-agent    received hello from ztunnel. V1
2024-06-24T21:28:13.000895Z    info    file modified: /host/etc/cni/net.d/10-aws.conflist.tmp
2024-06-24T21:28:13.001012Z    info    file modified: /host/etc/cni/net.d/10-aws.conflist.tmp
2024-06-24T21:28:13.008672Z    info    cni-agent    Detected changes to the node-level CNI setup, checking to see if configs or binaries need redeploying
2024-06-24T21:28:13.069528Z    info    cni-agent    Copied istio-cni to /host/opt/cni/bin.
2024-06-24T21:28:13.071276Z    info    cni-agent    missing (or invalid) configuration detected, (re)writing CNI config file at /host/etc/cni/net.d/10-aws.conflist
2024-06-24T21:28:13.071671Z    info    cni-agent    CNI config file /host/etc/cni/net.d/10-aws.conflist exists. Proceeding.
2024-06-24T21:28:13.072303Z    info    cni-agent    Created CNI config /host/etc/cni/net.d/10-aws.conflist
2024-06-24T21:28:13.072357Z    info    cni-agent    Istio CNI configuration and binaries validated/reinstalled.
2024-06-24T21:28:26.696239Z    info    cni-plugin    excluded because it does not have istio-proxy container (have [metrics-server])    pod=kube-system/metrics-server-98758956c-hbg4v
2024-06-24T21:29:09.245346Z    warn    cni-agent    pod deployment-kubeapi-client-77b75c5d84-kkjqn does not appear to have any assigned IPs, not capturing
2024-06-24T21:29:09.295803Z    warn    cni-agent    pod httpbin-5984cd6c9c-jz7nr does not appear to have any assigned IPs, not capturing
2024-06-24T21:29:09.318966Z    warn    cni-agent    pod httpbin-5984cd6c9c-n552z does not appear to have any assigned IPs, not capturing
2024-06-24T21:29:09.357995Z    warn    cni-agent    pod psql-client-7b98444779-xk97n does not appear to have any assigned IPs, not capturing
2024-06-24T21:29:09.917185Z    info    cni-agent    in pod mode - adding pod default/deployment-kubeapi-client-77b75c5d84-kkjqn to ztunnel 
2024-06-24T21:29:09.917762Z    error    cni-agent    Failed to add netlink route : {Ifindex: 1 Dst: ::/0 Src: <nil> Gw: <nil> Flags: ] Table: 100 Realm: 0}
2024-06-24T21:29:09.917821Z    error    cni-agent    failed to update POD inpod: default/deployment-kubeapi-client-77b75c5d84-kkjqn failed to add route: permission denied
2024-06-24T21:29:09.917829Z    error    cni-agent    failed to add pod to ztunnel: failed to add route: permission denied
2024-06-24T21:29:09.917836Z    error    cni-agent    Failed to handle add event: failed to add route: permission denied
2024-06-24T21:29:09.918164Z    error    cni-plugin    istio-cni cmdAdd failed to signal node Istio CNI agent: unable to push CNI event, error was 500    pod=default/deployment-kubeapi-client-77b75c5d84-kkjqn
2024-06-24T21:29:09.918260Z    error    cni-plugin    istio-cni cmdAdd error: unable to push CNI event, error was 500
2024-06-24T21:29:09.918294Z    error    cni-plugin    istio-cni failed with: unable to push CNI event, error was 500
2024-06-24T21:29:09.985962Z    info    cni-agent    in pod mode - adding pod default/httpbin-5984cd6c9c-jz7nr to ztunnel 
2024-06-24T21:29:09.986412Z    error    cni-agent    Failed to add netlink route : {Ifindex: 1 Dst: ::/0 Src: <nil> Gw: <nil> Flags: ] Table: 100 Realm: 0}
2024-06-24T21:29:09.986435Z    error    cni-agent    failed to update POD inpod: default/httpbin-5984cd6c9c-jz7nr failed to add route: permission denied
2024-06-24T21:29:09.986440Z    error    cni-agent    failed to add pod to ztunnel: failed to add route: permission denied
2024-06-24T21:29:09.986446Z    error    cni-agent    Failed to handle add event: failed to add route: permission denied
2024-06-24T21:29:09.986610Z    error    cni-plugin    istio-cni cmdAdd failed to signal node Istio CNI agent: unable to push CNI event, error was 500    pod=default/httpbin-5984cd6c9c-jz7nr
2024-06-24T21:29:09.986663Z    error    cni-plugin    istio-cni cmdAdd error: unable to push CNI event, error was 500
2024-06-24T21:29:09.986683Z    error    cni-plugin    istio-cni failed with: unable to push CNI event, error was 500
2024-06-24T21:29:10.056508Z    info    cni-agent    in pod mode - adding pod default/psql-client-7b98444779-xk97n to ztunnel 
2024-06-24T21:29:10.057038Z    error    cni-agent    Failed to add netlink route : {Ifindex: 1 Dst: ::/0 Src: <nil> Gw: <nil> Flags: ] Table: 100 Realm: 0}
2024-06-24T21:29:10.057064Z    error    cni-agent    failed to update POD inpod: default/psql-client-7b98444779-xk97n failed to add route: permission denied
2024-06-24T21:29:10.057070Z    error    cni-agent    failed to add pod to ztunnel: failed to add route: permission denied
2024-06-24T21:29:10.057076Z    error    cni-agent    Failed to handle add event: failed to add route: permission denied
2024-06-24T21:29:10.057238Z    error    cni-plugin    istio-cni cmdAdd failed to signal node Istio CNI agent: unable to push CNI event, error was 500    pod=default/psql-client-7b98444779-xk97n
2024-06-24T21:29:10.057281Z    error    cni-plugin    istio-cni cmdAdd error: unable to push CNI event, error was 500
2024-06-24T21:29:10.057301Z    error    cni-plugin    istio-cni failed with: unable to push CNI event, error was 500
2024-06-24T21:29:10.086496Z    info    cni-agent    in pod mode - adding pod default/httpbin-5984cd6c9c-n552z to ztunnel 
2024-06-24T21:29:10.086962Z    error    cni-agent    Failed to add netlink route : {Ifindex: 1 Dst: ::/0 Src: <nil> Gw: <nil> Flags: ] Table: 100 Realm: 0}
2024-06-24T21:29:10.086995Z    error    cni-agent    failed to update POD inpod: default/httpbin-5984cd6c9c-n552z failed to add route: permission denied
2024-06-24T21:29:10.087002Z    error    cni-agent    failed to add pod to ztunnel: failed to add route: permission denied
2024-06-24T21:29:10.087008Z    error    cni-agent    Failed to handle add event: failed to add route: permission denied
2024-06-24T21:29:10.087322Z    error    cni-plugin    istio-cni cmdAdd failed to signal node Istio CNI agent: unable to push CNI event, error was 500    pod=default/httpbin-5984cd6c9c-n552z
2024-06-24T21:29:10.087388Z    error    cni-plugin    istio-cni cmdAdd error: unable to push CNI event, error was 500
2024-06-24T21:29:10.087430Z    error    cni-plugin    istio-cni failed with: unable to push CNI event, error was 500
2024-06-24T21:29:10.532722Z    info    cni-plugin    excluded because it does not have istio-proxy container (have [helper-pod])    pod=local-path-storage/helper-pod-create-pvc-f3567bd1-070a-4743-b18f-340813959fc6
2024-06-24T21:29:14.045138Z    warn    cni-agent    pod postgres-1-initdb-f58qp does not appear to have any assigned IPs, not capturing
2024-06-24T21:29:14.475059Z    info    cni-agent    in pod mode - adding pod default/postgres-1-initdb-f58qp to ztunnel 
2024-06-24T21:29:14.475962Z    error    cni-agent    Failed to add netlink route : {Ifindex: 1 Dst: ::/0 Src: <nil> Gw: <nil> Flags: ] Table: 100 Realm: 0}
2024-06-24T21:29:14.476036Z    error    cni-agent    failed to update POD inpod: default/postgres-1-initdb-f58qp failed to add route: permission denied
2024-06-24T21:29:14.476042Z    error    cni-agent    failed to add pod to ztunnel: failed to add route: permission denied
2024-06-24T21:29:14.476048Z    error    cni-agent    Failed to handle add event: failed to add route: permission denied
2024-06-24T21:29:14.476944Z    error    cni-plugin    istio-cni cmdAdd failed to signal node Istio CNI agent: unable to push CNI event, error was 500    pod=default/postgres-1-initdb-f58qp
2024-06-24T21:29:14.477017Z    error    cni-plugin    istio-cni cmdAdd error: unable to push CNI event, error was 500
2024-06-24T21:29:14.477058Z    error    cni-plugin    istio-cni failed with: unable to push CNI event, error was 500
2024-06-24T21:29:21.986851Z    info    cni-agent    in pod mode - adding pod default/psql-client-7b98444779-xk97n to ztunnel 
2024-06-24T21:29:21.987533Z    error    cni-agent    Failed to add netlink route : {Ifindex: 1 Dst: ::/0 Src: <nil> Gw: <nil> Flags: ] Table: 100 Realm: 0}
2024-06-24T21:29:21.987580Z    error    cni-agent    failed to update POD inpod: default/psql-client-7b98444779-xk97n failed to add route: permission denied
2024-06-24T21:29:21.987587Z    error    cni-agent    failed to add pod to ztunnel: failed to add route: permission denied
2024-06-24T21:29:21.987593Z    error    cni-agent    Failed to handle add event: failed to add route: permission denied
2024-06-24T21:29:21.987899Z    error    cni-plugin    istio-cni cmdAdd failed to signal node Istio CNI agent: unable to push CNI event, error was 500    pod=default/psql-client-7b98444779-xk97n
2024-06-24T21:29:21.988035Z    error    cni-plugin    istio-cni cmdAdd error: unable to push CNI event, error was 500
2024-06-24T21:29:21.988080Z    error    cni-plugin    istio-cni failed with: unable to push CNI event, error was 500
2024-06-24T21:29:23.055334Z    info    cni-agent    in pod mode - adding pod default/httpbin-5984cd6c9c-n552z to ztunnel 
2024-06-24T21:29:23.055848Z    error    cni-agent    Failed to add netlink route : {Ifindex: 1 Dst: ::/0 Src: <nil> Gw: <nil> Flags: ] Table: 100 Realm: 0}
2024-06-24T21:29:23.055911Z    error    cni-agent    failed to update POD inpod: default/httpbin-5984cd6c9c-n552z failed to add route: permission denied
2024-06-24T21:29:23.055918Z    error    cni-agent    failed to add pod to ztunnel: failed to add route: permission denied
2024-06-24T21:29:23.055925Z    error    cni-agent    Failed to handle add event: failed to add route: permission denied
2024-06-24T21:29:23.056216Z    error    cni-plugin    istio-cni cmdAdd failed to signal node Istio CNI agent: unable to push CNI event, error was 500    pod=default/httpbin-5984cd6c9c-n552z
2024-06-24T21:29:23.056323Z    error    cni-plugin    istio-cni cmdAdd error: unable to push CNI event, error was 500
2024-06-24T21:29:23.056393Z    error    cni-plugin    istio-cni failed with: unable to push CNI event, error was 500
2024-06-24T21:29:23.998903Z    info    cni-agent    in pod mode - adding pod default/deployment-kubeapi-client-77b75c5d84-kkjqn to ztunnel 
2024-06-24T21:29:23.999437Z    error    cni-agent    Failed to add netlink route : {Ifindex: 1 Dst: ::/0 Src: <nil> Gw: <nil> Flags: ] Table: 100 Realm: 0}
2024-06-24T21:29:23.999483Z    error    cni-agent    failed to update POD inpod: default/deployment-kubeapi-client-77b75c5d84-kkjqn failed to add route: permission denied
2024-06-24T21:29:23.999490Z    error    cni-agent    failed to add pod to ztunnel: failed to add route: permission denied
2024-06-24T21:29:23.999497Z    error    cni-agent    Failed to handle add event: failed to add route: permission denied
2024-06-24T21:29:23.999823Z    error    cni-plugin    istio-cni cmdAdd failed to signal node Istio CNI agent: unable to push CNI event, error was 500    pod=default/deployment-kubeapi-client-77b75c5d84-kkjqn
2024-06-24T21:29:23.999926Z    error    cni-plugin    istio-cni cmdAdd error: unable to push CNI event, error was 500
2024-06-24T21:29:23.999967Z    error    cni-plugin    istio-cni failed with: unable to push CNI event, error was 500
2024-06-24T21:29:25.025283Z    info    cni-agent    in pod mode - adding pod default/httpbin-5984cd6c9c-jz7nr to ztunnel 
2024-06-24T21:29:25.025784Z    error    cni-agent    Failed to add netlink route : {Ifindex: 1 Dst: ::/0 Src: <nil> Gw: <nil> Flags: ] Table: 100 Realm: 0}
2024-06-24T21:29:25.025839Z    error    cni-agent    failed to update POD inpod: default/httpbin-5984cd6c9c-jz7nr failed to add route: permission denied
2024-06-24T21:29:25.025847Z    error    cni-agent    failed to add pod to ztunnel: failed to add route: permission denied
2024-06-24T21:29:25.025853Z    error    cni-agent    Failed to handle add event: failed to add route: permission denied
2024-06-24T21:29:25.026156Z    error    cni-plugin    istio-cni cmdAdd failed to signal node Istio CNI agent: unable to push CNI event, error was 500    pod=default/httpbin-5984cd6c9c-jz7nr
2024-06-24T21:29:25.026233Z    error    cni-plugin    istio-cni cmdAdd error: unable to push CNI event, error was 500
2024-06-24T21:29:25.026280Z    error    cni-plugin    istio-cni failed with: unable to push CNI event, error was 500
2024-06-24T21:29:26.034002Z    info    cni-agent    in pod mode - adding pod default/postgres-1-initdb-f58qp to ztunnel 
2024-06-24T21:29:26.034512Z    error    cni-agent    Failed to add netlink route : {Ifindex: 1 Dst: ::/0 Src: <nil> Gw: <nil> Flags: ] Table: 100 Realm: 0}
2024-06-24T21:29:26.034552Z    error    cni-agent    failed to update POD inpod: default/postgres-1-initdb-f58qp failed to add route: permission denied
2024-06-24T21:29:26.034559Z    error    cni-agent    failed to add pod to ztunnel: failed to add route: permission denied
2024-06-24T21:29:26.034566Z    error    cni-agent    Failed to handle add event: failed to add route: permission denied
2024-06-24T21:29:26.034864Z    error    cni-plugin    istio-cni cmdAdd failed to signal node Istio CNI agent: unable to push CNI event, error was 500    pod=default/postgres-1-initdb-f58qp
2024-06-24T21:29:26.034949Z    error    cni-plugin    istio-cni cmdAdd error: unable to push CNI event, error was 500
2024-06-24T21:29:26.034981Z    error    cni-plugin    istio-cni failed with: unable to push CNI event, error was 500
2024-06-24T21:29:36.005918Z    info    cni-agent    in pod mode - adding pod default/deployment-kubeapi-client-77b75c5d84-kkjqn to ztunnel 
2024-06-24T21:29:36.006405Z    error    cni-agent    Failed to add netlink route : {Ifindex: 1 Dst: ::/0 Src: <nil> Gw: <nil> Flags: ] Table: 100 Realm: 0}
2024-06-24T21:29:36.006453Z    error    cni-agent    failed to update POD inpod: default/deployment-kubeapi-client-77b75c5d84-kkjqn failed to add route: permission denied
2024-06-24T21:29:36.006460Z    error    cni-agent    failed to add pod to ztunnel: failed to add route: permission denied
2024-06-24T21:29:36.006466Z    error    cni-agent    Failed to handle add event: failed to add route: permission denied
2024-06-24T21:29:36.006882Z    error    cni-plugin    istio-cni cmdAdd failed to signal node Istio CNI agent: unable to push CNI event, error was 500    pod=default/deployment-kubeapi-client-77b75c5d84-kkjqn
2024-06-24T21:29:36.007018Z    error    cni-plugin    istio-cni cmdAdd error: unable to push CNI event, error was 500
2024-06-24T21:29:36.007037Z    error    cni-plugin    istio-cni failed with: unable to push CNI event, error was 500
2024-06-24T21:29:37.000380Z    info    cni-agent    in pod mode - adding pod default/psql-client-7b98444779-xk97n to ztunnel 
2024-06-24T21:29:37.000955Z    error    cni-agent    Failed to add netlink route : {Ifindex: 1 Dst: ::/0 Src: <nil> Gw: <nil> Flags: ] Table: 100 Realm: 0}
2024-06-24T21:29:37.000989Z    error    cni-agent    failed to update POD inpod: default/psql-client-7b98444779-xk97n failed to add route: permission denied
2024-06-24T21:29:37.000995Z    error    cni-agent    failed to add pod to ztunnel: failed to add route: permission denied
2024-06-24T21:29:37.001002Z    error    cni-agent    Failed to handle add event: failed to add route: permission denied
2024-06-24T21:29:37.002649Z    error    cni-plugin    istio-cni cmdAdd failed to signal node Istio CNI agent: unable to push CNI event, error was 500    pod=default/psql-client-7b98444779-xk97n
2024-06-24T21:29:37.002689Z    error    cni-plugin    istio-cni cmdAdd error: unable to push CNI event, error was 500
2024-06-24T21:29:37.002749Z    error    cni-plugin    istio-cni failed with: unable to push CNI event, error was 500
2024-06-24T21:29:38.997124Z    info    cni-agent    in pod mode - adding pod default/httpbin-5984cd6c9c-n552z to ztunnel 
2024-06-24T21:29:38.997615Z    error    cni-agent    Failed to add netlink route : {Ifindex: 1 Dst: ::/0 Src: <nil> Gw: <nil> Flags: ] Table: 100 Realm: 0}
2024-06-24T21:29:38.997676Z    error    cni-agent    failed to update POD inpod: default/httpbin-5984cd6c9c-n552z failed to add route: permission denied
2024-06-24T21:29:38.997684Z    error    cni-agent    failed to add pod to ztunnel: failed to add route: permission denied
2024-06-24T21:29:38.997691Z    error    cni-agent    Failed to handle add event: failed to add route: permission denied
2024-06-24T21:29:38.998868Z    error    cni-plugin    istio-cni cmdAdd failed to signal node Istio CNI agent: unable to push CNI event, error was 500    pod=default/httpbin-5984cd6c9c-n552z
2024-06-24T21:29:38.998909Z    error    cni-plugin    istio-cni cmdAdd error: unable to push CNI event, error was 500
2024-06-24T21:29:38.998943Z    error    cni-plugin    istio-cni failed with: unable to push CNI event, error was 500
2024-06-24T21:29:39.997692Z    info    cni-agent    in pod mode - adding pod default/httpbin-5984cd6c9c-jz7nr to ztunnel 
2024-06-24T21:29:39.998339Z    error    cni-agent    Failed to add netlink route : {Ifindex: 1 Dst: ::/0 Src: <nil> Gw: <nil> Flags: ] Table: 100 Realm: 0}
2024-06-24T21:29:39.998373Z    error    cni-agent    failed to update POD inpod: default/httpbin-5984cd6c9c-jz7nr failed to add route: permission denied
2024-06-24T21:29:39.998379Z    error    cni-agent    failed to add pod to ztunnel: failed to add route: permission denied
2024-06-24T21:29:39.998385Z    error    cni-agent    Failed to handle add event: failed to add route: permission denied
2024-06-24T21:29:39.999107Z    error    cni-plugin    istio-cni cmdAdd failed to signal node Istio CNI agent: unable to push CNI event, error was 500    pod=default/httpbin-5984cd6c9c-jz7nr
2024-06-24T21:29:39.999222Z    error    cni-plugin    istio-cni cmdAdd error: unable to push CNI event, error was 500
2024-06-24T21:29:39.999263Z    error    cni-plugin    istio-cni failed with: unable to push CNI event, error was 500
